2021-08-03 10:52:45,495 [Worker-2] INFO  c.g.t.t.d.PublishedGradleVersions - Gradle version information cache is up-to-date. Trying to read.
2021-08-03 10:54:05,162 [Worker-3] INFO  o.e.m.c.i.p.ProjectConfigurationManager - Collecting project info '/pom.xml' C:\_\casemaster_portal\casemasterPortal\pom.xml
2021-08-03 10:54:07,418 [Worker-3] INFO  o.e.m.c.i.l.LifecycleMappingFactory - Using org.eclipse.m2e.jdt.JarLifecycleMapping lifecycle mapping for MavenProject: tests:casemasterPortal:0.0.1-SNAPSHOT @ C:\_\casemaster_portal\casemasterPortal\pom.xml.
2021-08-03 10:54:07,911 [Worker-3] INFO  o.e.m.j.i.AbstractJavaProjectConfigurator - Adding source folder /casemasterPortal/src/main/java
2021-08-03 10:54:07,917 [Worker-3] INFO  o.e.m.j.i.AbstractJavaProjectConfigurator - Adding source folder /casemasterPortal/src/test/java
2021-08-03 10:54:08,292 [Worker-3] INFO  o.e.m.c.i.p.ProjectConfigurationManager - Imported and configured 1 project(s) in 3 sec
2021-08-03 10:54:08,738 [Worker-10] INFO  o.e.m.c.i.embedder.EclipseLogger - Using 'UTF-8' encoding to copy filtered resources.
2021-08-03 10:54:08,738 [Worker-10] INFO  o.e.m.c.i.embedder.EclipseLogger - skip non existing resourceDirectory C:\_\casemaster_portal\casemasterPortal\src\main\resources
2021-08-03 10:54:08,739 [Worker-10] INFO  o.e.m.c.i.embedder.EclipseLogger - Using 'UTF-8' encoding to copy filtered resources.
2021-08-03 10:54:08,739 [Worker-10] INFO  o.e.m.c.i.embedder.EclipseLogger - skip non existing resourceDirectory C:\_\casemaster_portal\casemasterPortal\src\test\resources
2021-08-03 10:54:24,755 [Worker-36] INFO  o.e.m.c.i.l.LifecycleMappingFactory - Using org.eclipse.m2e.jdt.JarLifecycleMapping lifecycle mapping for MavenProject: tests:casemasterPortal:0.0.1-SNAPSHOT @ C:\_\casemaster_portal\casemaster_portal\pom.xml.
2021-08-03 10:54:24,789 [Worker-36] INFO  o.e.m.c.i.embedder.EclipseLogger - Using 'UTF-8' encoding to copy filtered resources.
2021-08-03 10:54:24,789 [Worker-36] INFO  o.e.m.c.i.embedder.EclipseLogger - skip non existing resourceDirectory C:\_\casemaster_portal\casemaster_portal\src\main\resources
2021-08-03 10:54:24,790 [Worker-36] INFO  o.e.m.c.i.embedder.EclipseLogger - Using 'UTF-8' encoding to copy filtered resources.
2021-08-03 10:54:24,790 [Worker-36] INFO  o.e.m.c.i.embedder.EclipseLogger - skip non existing resourceDirectory C:\_\casemaster_portal\casemaster_portal\src\test\resources
2021-08-03 10:54:25,877 [Worker-21] INFO  o.e.m.c.i.embedder.EclipseLogger - Using 'UTF-8' encoding to copy filtered resources.
2021-08-03 10:54:25,878 [Worker-21] INFO  o.e.m.c.i.embedder.EclipseLogger - skip non existing resourceDirectory C:\_\casemaster_portal\casemaster_portal\src\main\resources
2021-08-03 10:54:25,878 [Worker-21] INFO  o.e.m.c.i.embedder.EclipseLogger - Using 'UTF-8' encoding to copy filtered resources.
2021-08-03 10:54:25,879 [Worker-21] INFO  o.e.m.c.i.embedder.EclipseLogger - skip non existing resourceDirectory C:\_\casemaster_portal\casemaster_portal\src\test\resources
2021-08-03 10:54:44,255 [Worker-12] INFO  o.e.m.c.i.embedder.EclipseLogger - Using 'UTF-8' encoding to copy filtered resources.
2021-08-03 10:54:44,255 [Worker-12] INFO  o.e.m.c.i.embedder.EclipseLogger - skip non existing resourceDirectory C:\_\casemaster_portal\casemaster_portal\src\main\resources
2021-08-03 10:54:44,256 [Worker-12] INFO  o.e.m.c.i.embedder.EclipseLogger - Using 'UTF-8' encoding to copy filtered resources.
2021-08-03 10:54:44,256 [Worker-12] INFO  o.e.m.c.i.embedder.EclipseLogger - skip non existing resourceDirectory C:\_\casemaster_portal\casemaster_portal\src\test\resources
2021-08-03 10:55:22,567 [Worker-29] INFO  o.e.m.c.i.embedder.EclipseLogger - Using 'UTF-8' encoding to copy filtered resources.
2021-08-03 10:55:22,567 [Worker-29] INFO  o.e.m.c.i.embedder.EclipseLogger - skip non existing resourceDirectory C:\_\casemaster_portal\casemaster_portal\src\main\resources
2021-08-03 10:55:22,568 [Worker-29] INFO  o.e.m.c.i.embedder.EclipseLogger - Using 'UTF-8' encoding to copy filtered resources.
2021-08-03 10:55:22,569 [Worker-29] INFO  o.e.m.c.i.embedder.EclipseLogger - skip non existing resourceDirectory C:\_\casemaster_portal\casemaster_portal\src\test\resources
2021-08-03 10:56:49,338 [Worker-29] INFO  o.e.m.c.i.l.LifecycleMappingFactory - Using org.eclipse.m2e.jdt.JarLifecycleMapping lifecycle mapping for MavenProject: tests:casemaster_portal:0.0.1-SNAPSHOT @ C:\_\casemaster_portal\casemaster_portal\pom.xml.
2021-08-03 10:56:49,422 [Worker-29] INFO  o.e.m.c.i.embedder.EclipseLogger - Using 'UTF-8' encoding to copy filtered resources.
2021-08-03 10:56:49,423 [Worker-29] INFO  o.e.m.c.i.embedder.EclipseLogger - skip non existing resourceDirectory C:\_\casemaster_portal\casemaster_portal\src\main\resources
2021-08-03 10:56:49,424 [Worker-29] INFO  o.e.m.c.i.embedder.EclipseLogger - Using 'UTF-8' encoding to copy filtered resources.
2021-08-03 10:56:49,424 [Worker-29] INFO  o.e.m.c.i.embedder.EclipseLogger - skip non existing resourceDirectory C:\_\casemaster_portal\casemaster_portal\src\test\resources
2021-08-03 10:56:58,738 [Worker-31] INFO  o.e.m.c.i.l.LifecycleMappingFactory - Using org.eclipse.m2e.jdt.JarLifecycleMapping lifecycle mapping for MavenProject: tests:casemaster_portal:0.0.1-SNAPSHOT @ C:\_\casemaster_portal\casemaster_portal\pom.xml.
2021-08-03 10:56:58,818 [Worker-31] INFO  o.e.m.c.i.embedder.EclipseLogger - Using 'UTF-8' encoding to copy filtered resources.
2021-08-03 10:56:58,819 [Worker-31] INFO  o.e.m.c.i.embedder.EclipseLogger - skip non existing resourceDirectory C:\_\casemaster_portal\casemaster_portal\src\main\resources
2021-08-03 10:56:58,820 [Worker-31] INFO  o.e.m.c.i.embedder.EclipseLogger - Using 'UTF-8' encoding to copy filtered resources.
2021-08-03 10:56:58,820 [Worker-31] INFO  o.e.m.c.i.embedder.EclipseLogger - skip non existing resourceDirectory C:\_\casemaster_portal\casemaster_portal\src\test\resources
2021-08-03 10:58:24,975 [Worker-6] INFO  o.e.m.c.i.embedder.EclipseLogger - Using 'UTF-8' encoding to copy filtered resources.
2021-08-03 10:58:24,975 [Worker-6] INFO  o.e.m.c.i.embedder.EclipseLogger - skip non existing resourceDirectory C:\_\casemaster_portal\casemaster_portal\src\main\resources
2021-08-03 10:58:24,976 [Worker-6] INFO  o.e.m.c.i.embedder.EclipseLogger - Using 'UTF-8' encoding to copy filtered resources.
2021-08-03 10:58:24,976 [Worker-6] INFO  o.e.m.c.i.embedder.EclipseLogger - skip non existing resourceDirectory C:\_\casemaster_portal\casemaster_portal\src\test\resources
2021-08-03 10:58:28,823 [Worker-3] INFO  o.e.m.c.i.l.LifecycleMappingFactory - Using org.eclipse.m2e.jdt.JarLifecycleMapping lifecycle mapping for MavenProject: tests:casemaster_portal:0.0.1-SNAPSHOT @ C:\_\casemaster_portal\casemaster_portal\pom.xml.
2021-08-03 10:58:28,910 [Worker-3] INFO  o.e.m.c.i.embedder.EclipseLogger - Using 'UTF-8' encoding to copy filtered resources.
2021-08-03 10:58:28,911 [Worker-3] INFO  o.e.m.c.i.embedder.EclipseLogger - skip non existing resourceDirectory C:\_\casemaster_portal\casemaster_portal\src\main\java\resources
2021-08-03 10:58:28,911 [Worker-3] INFO  o.e.m.c.i.embedder.EclipseLogger - Using 'UTF-8' encoding to copy filtered resources.
2021-08-03 10:58:28,912 [Worker-3] INFO  o.e.m.c.i.embedder.EclipseLogger - skip non existing resourceDirectory C:\_\casemaster_portal\casemaster_portal\src\test\resources
2021-08-03 10:59:21,928 [Worker-17] INFO  o.e.m.c.i.l.LifecycleMappingFactory - Using org.eclipse.m2e.jdt.JarLifecycleMapping lifecycle mapping for MavenProject: tests:casemaster_portal:0.0.1-SNAPSHOT @ C:\_\casemaster_portal\casemaster_portal\pom.xml.
2021-08-03 10:59:22,322 [Worker-17] INFO  o.e.m.c.i.embedder.EclipseLogger - Using 'UTF-8' encoding to copy filtered resources.
2021-08-03 10:59:22,322 [Worker-17] INFO  o.e.m.c.i.embedder.EclipseLogger - skip non existing resourceDirectory C:\_\casemaster_portal\casemaster_portal\src\main\java\resources
2021-08-03 10:59:22,323 [Worker-17] INFO  o.e.m.c.i.embedder.EclipseLogger - Using 'UTF-8' encoding to copy filtered resources.
2021-08-03 10:59:22,323 [Worker-17] INFO  o.e.m.c.i.embedder.EclipseLogger - skip non existing resourceDirectory C:\_\casemaster_portal\casemaster_portal\src\test\resources
2021-08-03 10:59:23,587 [Worker-21] INFO  o.e.m.c.i.embedder.EclipseLogger - Using 'UTF-8' encoding to copy filtered resources.
2021-08-03 10:59:23,587 [Worker-21] INFO  o.e.m.c.i.embedder.EclipseLogger - skip non existing resourceDirectory C:\_\casemaster_portal\casemaster_portal\src\main\java\resources
2021-08-03 10:59:23,588 [Worker-21] INFO  o.e.m.c.i.embedder.EclipseLogger - Using 'UTF-8' encoding to copy filtered resources.
2021-08-03 10:59:23,588 [Worker-21] INFO  o.e.m.c.i.embedder.EclipseLogger - skip non existing resourceDirectory C:\_\casemaster_portal\casemaster_portal\src\test\resources
2021-08-03 11:00:31,232 [Worker-3] INFO  o.e.m.c.i.l.LifecycleMappingFactory - Using org.eclipse.m2e.jdt.JarLifecycleMapping lifecycle mapping for MavenProject: tests:casemaster_portal:0.0.1-SNAPSHOT @ C:\_\casemaster_portal\casemaster_portal\pom.xml.
2021-08-03 11:00:31,648 [Worker-3] INFO  o.e.m.c.i.embedder.EclipseLogger - Using 'UTF-8' encoding to copy filtered resources.
2021-08-03 11:00:31,649 [Worker-3] INFO  o.e.m.c.i.embedder.EclipseLogger - skip non existing resourceDirectory C:\_\casemaster_portal\casemaster_portal\src\main\java\resources
2021-08-03 11:00:31,649 [Worker-3] INFO  o.e.m.c.i.embedder.EclipseLogger - Using 'UTF-8' encoding to copy filtered resources.
2021-08-03 11:00:31,650 [Worker-3] INFO  o.e.m.c.i.embedder.EclipseLogger - skip non existing resourceDirectory C:\_\casemaster_portal\casemaster_portal\src\test\resources
2021-08-03 11:00:33,013 [Worker-26] INFO  o.e.m.c.i.embedder.EclipseLogger - Using 'UTF-8' encoding to copy filtered resources.
2021-08-03 11:00:33,014 [Worker-26] INFO  o.e.m.c.i.embedder.EclipseLogger - skip non existing resourceDirectory C:\_\casemaster_portal\casemaster_portal\src\main\java\resources
2021-08-03 11:00:33,014 [Worker-26] INFO  o.e.m.c.i.embedder.EclipseLogger - Using 'UTF-8' encoding to copy filtered resources.
2021-08-03 11:00:33,014 [Worker-26] INFO  o.e.m.c.i.embedder.EclipseLogger - skip non existing resourceDirectory C:\_\casemaster_portal\casemaster_portal\src\test\resources
2021-08-03 11:01:19,632 [Worker-23] INFO  o.e.m.c.i.embedder.EclipseLogger - Using 'UTF-8' encoding to copy filtered resources.
2021-08-03 11:01:19,632 [Worker-23] INFO  o.e.m.c.i.embedder.EclipseLogger - skip non existing resourceDirectory C:\_\casemaster_portal\casemaster_portal\src\main\java\resources
2021-08-03 11:01:19,632 [Worker-23] INFO  o.e.m.c.i.embedder.EclipseLogger - Using 'UTF-8' encoding to copy filtered resources.
2021-08-03 11:01:19,632 [Worker-23] INFO  o.e.m.c.i.embedder.EclipseLogger - skip non existing resourceDirectory C:\_\casemaster_portal\casemaster_portal\src\test\resources
2021-08-03 11:01:37,037 [Worker-23] INFO  o.e.m.c.i.embedder.EclipseLogger - Using 'UTF-8' encoding to copy filtered resources.
2021-08-03 11:01:37,037 [Worker-23] INFO  o.e.m.c.i.embedder.EclipseLogger - skip non existing resourceDirectory C:\_\casemaster_portal\casemaster_portal\src\main\java\resources
2021-08-03 11:01:37,038 [Worker-23] INFO  o.e.m.c.i.embedder.EclipseLogger - Using 'UTF-8' encoding to copy filtered resources.
2021-08-03 11:01:37,038 [Worker-23] INFO  o.e.m.c.i.embedder.EclipseLogger - skip non existing resourceDirectory C:\_\casemaster_portal\casemaster_portal\src\test\resources
2021-08-03 11:01:51,144 [Worker-14] INFO  o.e.m.c.i.embedder.EclipseLogger - Using 'UTF-8' encoding to copy filtered resources.
2021-08-03 11:01:51,145 [Worker-14] INFO  o.e.m.c.i.embedder.EclipseLogger - skip non existing resourceDirectory C:\_\casemaster_portal\casemaster_portal\src\main\java\resources
2021-08-03 11:01:51,146 [Worker-14] INFO  o.e.m.c.i.embedder.EclipseLogger - Using 'UTF-8' encoding to copy filtered resources.
2021-08-03 11:01:51,146 [Worker-14] INFO  o.e.m.c.i.embedder.EclipseLogger - skip non existing resourceDirectory C:\_\casemaster_portal\casemaster_portal\src\test\resources
2021-08-03 11:02:01,271 [Worker-21] INFO  o.e.m.c.i.embedder.EclipseLogger - Using 'UTF-8' encoding to copy filtered resources.
2021-08-03 11:02:01,272 [Worker-21] INFO  o.e.m.c.i.embedder.EclipseLogger - skip non existing resourceDirectory C:\_\casemaster_portal\casemaster_portal\src\main\java\resources
2021-08-03 11:02:01,272 [Worker-21] INFO  o.e.m.c.i.embedder.EclipseLogger - Using 'UTF-8' encoding to copy filtered resources.
2021-08-03 11:02:01,272 [Worker-21] INFO  o.e.m.c.i.embedder.EclipseLogger - skip non existing resourceDirectory C:\_\casemaster_portal\casemaster_portal\src\test\resources
2021-08-03 11:02:24,336 [Worker-23] INFO  o.e.m.c.i.embedder.EclipseLogger - Using 'UTF-8' encoding to copy filtered resources.
2021-08-03 11:02:24,336 [Worker-23] INFO  o.e.m.c.i.embedder.EclipseLogger - skip non existing resourceDirectory C:\_\casemaster_portal\casemaster_portal\src\main\java\resources
2021-08-03 11:02:24,336 [Worker-23] INFO  o.e.m.c.i.embedder.EclipseLogger - Using 'UTF-8' encoding to copy filtered resources.
2021-08-03 11:02:24,337 [Worker-23] INFO  o.e.m.c.i.embedder.EclipseLogger - skip non existing resourceDirectory C:\_\casemaster_portal\casemaster_portal\src\test\resources
2021-08-03 11:02:36,448 [Worker-14] INFO  o.e.m.c.i.embedder.EclipseLogger - Using 'UTF-8' encoding to copy filtered resources.
2021-08-03 11:02:36,449 [Worker-14] INFO  o.e.m.c.i.embedder.EclipseLogger - skip non existing resourceDirectory C:\_\casemaster_portal\casemaster_portal\src\main\java\resources
2021-08-03 11:02:36,450 [Worker-14] INFO  o.e.m.c.i.embedder.EclipseLogger - Using 'UTF-8' encoding to copy filtered resources.
2021-08-03 11:02:36,450 [Worker-14] INFO  o.e.m.c.i.embedder.EclipseLogger - skip non existing resourceDirectory C:\_\casemaster_portal\casemaster_portal\src\test\resources
2021-08-03 11:02:46,504 [Worker-31] INFO  o.e.m.c.i.embedder.EclipseLogger - Using 'UTF-8' encoding to copy filtered resources.
2021-08-03 11:02:46,504 [Worker-31] INFO  o.e.m.c.i.embedder.EclipseLogger - skip non existing resourceDirectory C:\_\casemaster_portal\casemaster_portal\src\main\java\resources
2021-08-03 11:02:46,505 [Worker-31] INFO  o.e.m.c.i.embedder.EclipseLogger - Using 'UTF-8' encoding to copy filtered resources.
2021-08-03 11:02:46,505 [Worker-31] INFO  o.e.m.c.i.embedder.EclipseLogger - skip non existing resourceDirectory C:\_\casemaster_portal\casemaster_portal\src\test\resources
2021-08-03 11:02:54,121 [Worker-30] INFO  o.e.m.c.i.embedder.EclipseLogger - Using 'UTF-8' encoding to copy filtered resources.
2021-08-03 11:02:54,127 [Worker-30] INFO  o.e.m.c.i.embedder.EclipseLogger - Copying 0 resource
2021-08-03 11:02:54,127 [Worker-30] INFO  o.e.m.c.i.embedder.EclipseLogger - Using 'UTF-8' encoding to copy filtered resources.
2021-08-03 11:02:54,127 [Worker-30] INFO  o.e.m.c.i.embedder.EclipseLogger - skip non existing resourceDirectory C:\_\casemaster_portal\casemaster_portal\src\test\resources
2021-08-03 11:02:57,003 [Worker-26] INFO  o.e.m.c.i.embedder.EclipseLogger - Using 'UTF-8' encoding to copy filtered resources.
2021-08-03 11:02:57,003 [Worker-26] INFO  o.e.m.c.i.embedder.EclipseLogger - Copying 1 resource
2021-08-03 11:02:57,016 [Worker-26] INFO  o.e.m.c.i.embedder.EclipseLogger - Using 'UTF-8' encoding to copy filtered resources.
2021-08-03 11:02:57,016 [Worker-26] INFO  o.e.m.c.i.embedder.EclipseLogger - skip non existing resourceDirectory C:\_\casemaster_portal\casemaster_portal\src\test\resources
2021-08-03 11:09:27,971 [Worker-35] INFO  o.e.m.c.i.embedder.EclipseLogger - Using 'UTF-8' encoding to copy filtered resources.
2021-08-03 11:09:27,971 [Worker-35] INFO  o.e.m.c.i.embedder.EclipseLogger - Copying 1 resource
2021-08-03 11:09:27,973 [Worker-35] INFO  o.e.m.c.i.embedder.EclipseLogger - Using 'UTF-8' encoding to copy filtered resources.
2021-08-03 11:09:27,973 [Worker-35] INFO  o.e.m.c.i.embedder.EclipseLogger - skip non existing resourceDirectory C:\_\casemaster_portal\casemaster_portal\src\test\resources
2021-08-03 11:10:04,574 [Worker-37] INFO  o.e.m.c.i.embedder.EclipseLogger - Using 'UTF-8' encoding to copy filtered resources.
2021-08-03 11:10:04,575 [Worker-37] INFO  o.e.m.c.i.embedder.EclipseLogger - Copying 1 resource
2021-08-03 11:10:04,577 [Worker-37] INFO  o.e.m.c.i.embedder.EclipseLogger - Using 'UTF-8' encoding to copy filtered resources.
2021-08-03 11:10:04,577 [Worker-37] INFO  o.e.m.c.i.embedder.EclipseLogger - skip non existing resourceDirectory C:\_\casemaster_portal\casemaster_portal\src\test\resources
2021-08-03 11:18:01,235 [Worker-23] WARN  o.e.r.models.ModelRepository - Failed to download org.eclipse.recommenders:index::zip:0.0.0
org.eclipse.aether.resolution.ArtifactResolutionException: Could not find artifact org.eclipse.recommenders:index:zip:0.0.0-SNAPSHOT in models (http://download.eclipse.org/recommenders/models/oxygen/)
	at org.eclipse.aether.internal.impl.DefaultArtifactResolver.resolve(DefaultArtifactResolver.java:453) ~[na:na]
	at org.eclipse.aether.internal.impl.DefaultArtifactResolver.resolveArtifacts(DefaultArtifactResolver.java:255) ~[na:na]
	at org.eclipse.aether.internal.impl.DefaultArtifactResolver.resolveArtifact(DefaultArtifactResolver.java:232) ~[na:na]
	at org.eclipse.aether.internal.impl.DefaultRepositorySystem.resolveArtifact(DefaultRepositorySystem.java:303) ~[na:na]
	at org.eclipse.recommenders.models.ModelRepository.resolveInternal(ModelRepository.java:193) [org.eclipse.recommenders.models_2.5.2.v20180401-1226.jar:na]
	at org.eclipse.recommenders.models.ModelRepository.resolve(ModelRepository.java:172) [org.eclipse.recommenders.models_2.5.2.v20180401-1226.jar:na]
	at org.eclipse.recommenders.internal.models.rcp.EclipseModelRepository.resolve(EclipseModelRepository.java:168) [org.eclipse.recommenders.models.rcp_2.5.2.v20180401-1226.jar:na]
	at org.eclipse.recommenders.internal.models.rcp.DownloadModelArchiveJob.run(DownloadModelArchiveJob.java:76) [org.eclipse.recommenders.models.rcp_2.5.2.v20180401-1226.jar:na]
	at org.eclipse.core.internal.jobs.Worker.run(Worker.java:56) [org.eclipse.core.jobs_3.9.3.v20180115-1757.jar:na]
Caused by: org.eclipse.aether.transfer.ArtifactNotFoundException: Could not find artifact org.eclipse.recommenders:index:zip:0.0.0-SNAPSHOT in models (http://download.eclipse.org/recommenders/models/oxygen/)
	at org.eclipse.aether.connector.basic.ArtifactTransportListener.transferFailed(ArtifactTransportListener.java:48) ~[org.apache.maven.resolver.connector.basic_1.0.3.v20170405-0725.jar:1.0.3]
	at org.eclipse.aether.connector.basic.BasicRepositoryConnector$TaskRunner.run(BasicRepositoryConnector.java:364) ~[org.apache.maven.resolver.connector.basic_1.0.3.v20170405-0725.jar:1.0.3]
	at org.eclipse.aether.util.concurrency.RunnableErrorForwarder$1.run(RunnableErrorForwarder.java:76) ~[na:na]
	at org.eclipse.aether.connector.basic.BasicRepositoryConnector$DirectExecutor.execute(BasicRepositoryConnector.java:590) ~[org.apache.maven.resolver.connector.basic_1.0.3.v20170405-0725.jar:1.0.3]
	at org.eclipse.aether.connector.basic.BasicRepositoryConnector.get(BasicRepositoryConnector.java:258) ~[org.apache.maven.resolver.connector.basic_1.0.3.v20170405-0725.jar:1.0.3]
	at org.eclipse.aether.internal.impl.DefaultArtifactResolver.performDownloads(DefaultArtifactResolver.java:529) ~[na:na]
	at org.eclipse.aether.internal.impl.DefaultArtifactResolver.resolve(DefaultArtifactResolver.java:430) ~[na:na]
	... 8 common frames omitted
2021-08-03 11:18:12,942 [Worker-35] INFO  o.e.m.c.i.embedder.EclipseLogger - Using 'UTF-8' encoding to copy filtered resources.
2021-08-03 11:18:12,943 [Worker-35] INFO  o.e.m.c.i.embedder.EclipseLogger - Copying 1 resource
2021-08-03 11:18:12,944 [Worker-35] INFO  o.e.m.c.i.embedder.EclipseLogger - Using 'UTF-8' encoding to copy filtered resources.
2021-08-03 11:18:12,944 [Worker-35] INFO  o.e.m.c.i.embedder.EclipseLogger - skip non existing resourceDirectory C:\_\casemaster_portal\casemaster_portal\src\test\resources
2021-08-03 11:18:25,027 [Worker-23] INFO  o.e.m.c.i.embedder.EclipseLogger - Using 'UTF-8' encoding to copy filtered resources.
2021-08-03 11:18:25,027 [Worker-23] INFO  o.e.m.c.i.embedder.EclipseLogger - Copying 1 resource
2021-08-03 11:18:25,029 [Worker-23] INFO  o.e.m.c.i.embedder.EclipseLogger - Using 'UTF-8' encoding to copy filtered resources.
2021-08-03 11:18:25,029 [Worker-23] INFO  o.e.m.c.i.embedder.EclipseLogger - skip non existing resourceDirectory C:\_\casemaster_portal\casemaster_portal\src\test\resources
2021-08-03 11:18:29,186 [Worker-37] INFO  o.e.m.c.i.embedder.EclipseLogger - Using 'UTF-8' encoding to copy filtered resources.
2021-08-03 11:18:29,187 [Worker-37] INFO  o.e.m.c.i.embedder.EclipseLogger - Copying 1 resource
2021-08-03 11:18:29,189 [Worker-37] INFO  o.e.m.c.i.embedder.EclipseLogger - Using 'UTF-8' encoding to copy filtered resources.
2021-08-03 11:18:29,189 [Worker-37] INFO  o.e.m.c.i.embedder.EclipseLogger - skip non existing resourceDirectory C:\_\casemaster_portal\casemaster_portal\src\test\resources
2021-08-03 11:19:13,091 [Worker-39] INFO  o.e.m.c.i.embedder.EclipseLogger - Using 'UTF-8' encoding to copy filtered resources.
2021-08-03 11:19:13,091 [Worker-39] INFO  o.e.m.c.i.embedder.EclipseLogger - Copying 1 resource
2021-08-03 11:19:13,092 [Worker-39] INFO  o.e.m.c.i.embedder.EclipseLogger - Using 'UTF-8' encoding to copy filtered resources.
2021-08-03 11:19:13,092 [Worker-39] INFO  o.e.m.c.i.embedder.EclipseLogger - skip non existing resourceDirectory C:\_\casemaster_portal\casemaster_portal\src\test\resources
2021-08-03 11:19:17,591 [Worker-39] INFO  o.e.m.c.i.embedder.EclipseLogger - Using 'UTF-8' encoding to copy filtered resources.
2021-08-03 11:19:17,591 [Worker-39] INFO  o.e.m.c.i.embedder.EclipseLogger - Copying 1 resource
2021-08-03 11:19:17,592 [Worker-39] INFO  o.e.m.c.i.embedder.EclipseLogger - Using 'UTF-8' encoding to copy filtered resources.
2021-08-03 11:19:17,592 [Worker-39] INFO  o.e.m.c.i.embedder.EclipseLogger - skip non existing resourceDirectory C:\_\casemaster_portal\casemaster_portal\src\test\resources
2021-08-03 11:19:56,074 [Worker-39] INFO  o.e.m.c.i.embedder.EclipseLogger - Using 'UTF-8' encoding to copy filtered resources.
2021-08-03 11:19:56,074 [Worker-39] INFO  o.e.m.c.i.embedder.EclipseLogger - Copying 1 resource
2021-08-03 11:19:56,075 [Worker-39] INFO  o.e.m.c.i.embedder.EclipseLogger - Using 'UTF-8' encoding to copy filtered resources.
2021-08-03 11:19:56,075 [Worker-39] INFO  o.e.m.c.i.embedder.EclipseLogger - skip non existing resourceDirectory C:\_\casemaster_portal\casemaster_portal\src\test\resources
2021-08-03 11:20:21,729 [Worker-23] INFO  o.e.m.c.i.embedder.EclipseLogger - Using 'UTF-8' encoding to copy filtered resources.
2021-08-03 11:20:21,730 [Worker-23] INFO  o.e.m.c.i.embedder.EclipseLogger - Copying 1 resource
2021-08-03 11:20:21,731 [Worker-23] INFO  o.e.m.c.i.embedder.EclipseLogger - Using 'UTF-8' encoding to copy filtered resources.
2021-08-03 11:20:21,731 [Worker-23] INFO  o.e.m.c.i.embedder.EclipseLogger - skip non existing resourceDirectory C:\_\casemaster_portal\casemaster_portal\src\test\resources
2021-08-03 11:21:06,713 [Worker-35] INFO  o.e.m.c.i.embedder.EclipseLogger - Using 'UTF-8' encoding to copy filtered resources.
2021-08-03 11:21:06,713 [Worker-35] INFO  o.e.m.c.i.embedder.EclipseLogger - Copying 1 resource
2021-08-03 11:21:06,714 [Worker-35] INFO  o.e.m.c.i.embedder.EclipseLogger - Using 'UTF-8' encoding to copy filtered resources.
2021-08-03 11:21:06,714 [Worker-35] INFO  o.e.m.c.i.embedder.EclipseLogger - skip non existing resourceDirectory C:\_\casemaster_portal\casemaster_portal\src\test\resources
2021-08-03 11:21:29,099 [Worker-37] INFO  o.e.m.c.i.embedder.EclipseLogger - Using 'UTF-8' encoding to copy filtered resources.
2021-08-03 11:21:29,100 [Worker-37] INFO  o.e.m.c.i.embedder.EclipseLogger - Copying 1 resource
2021-08-03 11:21:29,101 [Worker-37] INFO  o.e.m.c.i.embedder.EclipseLogger - Using 'UTF-8' encoding to copy filtered resources.
2021-08-03 11:21:29,101 [Worker-37] INFO  o.e.m.c.i.embedder.EclipseLogger - skip non existing resourceDirectory C:\_\casemaster_portal\casemaster_portal\src\test\resources
2021-08-03 11:21:33,697 [Worker-26] INFO  o.e.m.c.i.embedder.EclipseLogger - Using 'UTF-8' encoding to copy filtered resources.
2021-08-03 11:21:33,697 [Worker-26] INFO  o.e.m.c.i.embedder.EclipseLogger - Copying 1 resource
2021-08-03 11:21:33,698 [Worker-26] INFO  o.e.m.c.i.embedder.EclipseLogger - Using 'UTF-8' encoding to copy filtered resources.
2021-08-03 11:21:33,698 [Worker-26] INFO  o.e.m.c.i.embedder.EclipseLogger - skip non existing resourceDirectory C:\_\casemaster_portal\casemaster_portal\src\test\resources
2021-08-03 11:22:45,640 [Worker-23] INFO  o.e.m.c.i.embedder.EclipseLogger - Using 'UTF-8' encoding to copy filtered resources.
2021-08-03 11:22:45,641 [Worker-23] INFO  o.e.m.c.i.embedder.EclipseLogger - Copying 0 resource
2021-08-03 11:22:45,641 [Worker-23] INFO  o.e.m.c.i.embedder.EclipseLogger - Using 'UTF-8' encoding to copy filtered resources.
2021-08-03 11:22:45,641 [Worker-23] INFO  o.e.m.c.i.embedder.EclipseLogger - skip non existing resourceDirectory C:\_\casemaster_portal\casemaster_portal\src\test\resources
2021-08-03 11:22:58,432 [Worker-38] INFO  o.e.m.c.i.embedder.EclipseLogger - Using 'UTF-8' encoding to copy filtered resources.
2021-08-03 11:22:58,433 [Worker-38] INFO  o.e.m.c.i.embedder.EclipseLogger - Copying 0 resource
2021-08-03 11:22:58,433 [Worker-38] INFO  o.e.m.c.i.embedder.EclipseLogger - Using 'UTF-8' encoding to copy filtered resources.
2021-08-03 11:22:58,433 [Worker-38] INFO  o.e.m.c.i.embedder.EclipseLogger - skip non existing resourceDirectory C:\_\casemaster_portal\casemaster_portal\src\test\resources
2021-08-03 11:23:35,487 [Worker-35] INFO  o.e.m.c.i.embedder.EclipseLogger - Using 'UTF-8' encoding to copy filtered resources.
2021-08-03 11:23:35,487 [Worker-35] INFO  o.e.m.c.i.embedder.EclipseLogger - Copying 0 resource
2021-08-03 11:23:35,487 [Worker-35] INFO  o.e.m.c.i.embedder.EclipseLogger - Using 'UTF-8' encoding to copy filtered resources.
2021-08-03 11:23:35,487 [Worker-35] INFO  o.e.m.c.i.embedder.EclipseLogger - skip non existing resourceDirectory C:\_\casemaster_portal\casemaster_portal\src\test\resources
2021-08-03 11:23:46,203 [Worker-39] INFO  o.e.m.c.i.embedder.EclipseLogger - Using 'UTF-8' encoding to copy filtered resources.
2021-08-03 11:23:46,203 [Worker-39] INFO  o.e.m.c.i.embedder.EclipseLogger - Copying 0 resource
2021-08-03 11:23:46,203 [Worker-39] INFO  o.e.m.c.i.embedder.EclipseLogger - Using 'UTF-8' encoding to copy filtered resources.
2021-08-03 11:23:46,203 [Worker-39] INFO  o.e.m.c.i.embedder.EclipseLogger - skip non existing resourceDirectory C:\_\casemaster_portal\casemaster_portal\src\test\resources
2021-08-03 11:27:23,838 [Worker-26] INFO  o.e.m.c.i.embedder.EclipseLogger - Using 'UTF-8' encoding to copy filtered resources.
2021-08-03 11:27:23,838 [Worker-26] INFO  o.e.m.c.i.embedder.EclipseLogger - Copying 1 resource
2021-08-03 11:27:23,839 [Worker-26] INFO  o.e.m.c.i.embedder.EclipseLogger - Using 'UTF-8' encoding to copy filtered resources.
2021-08-03 11:27:23,839 [Worker-26] INFO  o.e.m.c.i.embedder.EclipseLogger - skip non existing resourceDirectory C:\_\casemaster_portal\casemaster_portal\src\test\resources
2021-08-03 11:27:30,969 [Worker-35] INFO  o.e.m.c.i.embedder.EclipseLogger - Using 'UTF-8' encoding to copy filtered resources.
2021-08-03 11:27:30,970 [Worker-35] INFO  o.e.m.c.i.embedder.EclipseLogger - Copying 1 resource
2021-08-03 11:27:30,971 [Worker-35] INFO  o.e.m.c.i.embedder.EclipseLogger - Using 'UTF-8' encoding to copy filtered resources.
2021-08-03 11:27:30,971 [Worker-35] INFO  o.e.m.c.i.embedder.EclipseLogger - skip non existing resourceDirectory C:\_\casemaster_portal\casemaster_portal\src\test\resources
2021-08-03 11:28:12,525 [Worker-37] INFO  o.e.m.c.i.embedder.EclipseLogger - Using 'UTF-8' encoding to copy filtered resources.
2021-08-03 11:28:12,525 [Worker-37] INFO  o.e.m.c.i.embedder.EclipseLogger - Copying 1 resource
2021-08-03 11:28:12,526 [Worker-37] INFO  o.e.m.c.i.embedder.EclipseLogger - Using 'UTF-8' encoding to copy filtered resources.
2021-08-03 11:28:12,526 [Worker-37] INFO  o.e.m.c.i.embedder.EclipseLogger - skip non existing resourceDirectory C:\_\casemaster_portal\casemaster_portal\src\test\resources
2021-08-03 11:29:00,964 [Worker-39] INFO  o.e.m.c.i.embedder.EclipseLogger - Using 'UTF-8' encoding to copy filtered resources.
2021-08-03 11:29:00,964 [Worker-39] INFO  o.e.m.c.i.embedder.EclipseLogger - Copying 0 resource
2021-08-03 11:29:00,965 [Worker-39] INFO  o.e.m.c.i.embedder.EclipseLogger - Using 'UTF-8' encoding to copy filtered resources.
2021-08-03 11:29:00,965 [Worker-39] INFO  o.e.m.c.i.embedder.EclipseLogger - skip non existing resourceDirectory C:\_\casemaster_portal\casemaster_portal\src\test\resources
2021-08-03 11:30:15,157 [Worker-42] INFO  o.e.m.c.i.embedder.EclipseLogger - Using 'UTF-8' encoding to copy filtered resources.
2021-08-03 11:30:15,157 [Worker-42] INFO  o.e.m.c.i.embedder.EclipseLogger - Copying 0 resource
2021-08-03 11:30:15,157 [Worker-42] INFO  o.e.m.c.i.embedder.EclipseLogger - Using 'UTF-8' encoding to copy filtered resources.
2021-08-03 11:30:15,157 [Worker-42] INFO  o.e.m.c.i.embedder.EclipseLogger - skip non existing resourceDirectory C:\_\casemaster_portal\casemaster_portal\src\test\resources
2021-08-03 11:30:18,524 [Worker-37] INFO  o.e.m.c.i.embedder.EclipseLogger - Using 'UTF-8' encoding to copy filtered resources.
2021-08-03 11:30:18,524 [Worker-37] INFO  o.e.m.c.i.embedder.EclipseLogger - Copying 0 resource
2021-08-03 11:30:18,525 [Worker-37] INFO  o.e.m.c.i.embedder.EclipseLogger - Using 'UTF-8' encoding to copy filtered resources.
2021-08-03 11:30:18,525 [Worker-37] INFO  o.e.m.c.i.embedder.EclipseLogger - skip non existing resourceDirectory C:\_\casemaster_portal\casemaster_portal\src\test\resources
2021-08-03 11:30:55,354 [Worker-35] INFO  o.e.m.c.i.embedder.EclipseLogger - Using 'UTF-8' encoding to copy filtered resources.
2021-08-03 11:30:55,354 [Worker-35] INFO  o.e.m.c.i.embedder.EclipseLogger - Copying 0 resource
2021-08-03 11:30:55,354 [Worker-35] INFO  o.e.m.c.i.embedder.EclipseLogger - Using 'UTF-8' encoding to copy filtered resources.
2021-08-03 11:30:55,354 [Worker-35] INFO  o.e.m.c.i.embedder.EclipseLogger - skip non existing resourceDirectory C:\_\casemaster_portal\casemaster_portal\src\test\resources
2021-08-03 11:30:59,105 [Worker-26] INFO  o.e.m.c.i.embedder.EclipseLogger - Using 'UTF-8' encoding to copy filtered resources.
2021-08-03 11:30:59,105 [Worker-26] INFO  o.e.m.c.i.embedder.EclipseLogger - Copying 0 resource
2021-08-03 11:30:59,106 [Worker-26] INFO  o.e.m.c.i.embedder.EclipseLogger - Using 'UTF-8' encoding to copy filtered resources.
2021-08-03 11:30:59,106 [Worker-26] INFO  o.e.m.c.i.embedder.EclipseLogger - skip non existing resourceDirectory C:\_\casemaster_portal\casemaster_portal\src\test\resources
2021-08-03 11:31:22,663 [Worker-26] INFO  o.e.m.c.i.embedder.EclipseLogger - Using 'UTF-8' encoding to copy filtered resources.
2021-08-03 11:31:22,663 [Worker-26] INFO  o.e.m.c.i.embedder.EclipseLogger - Copying 0 resource
2021-08-03 11:31:22,664 [Worker-26] INFO  o.e.m.c.i.embedder.EclipseLogger - Using 'UTF-8' encoding to copy filtered resources.
2021-08-03 11:31:22,664 [Worker-26] INFO  o.e.m.c.i.embedder.EclipseLogger - skip non existing resourceDirectory C:\_\casemaster_portal\casemaster_portal\src\test\resources
2021-08-03 11:32:13,515 [Worker-43] INFO  o.e.m.c.i.embedder.EclipseLogger - Using 'UTF-8' encoding to copy filtered resources.
2021-08-03 11:32:13,515 [Worker-43] INFO  o.e.m.c.i.embedder.EclipseLogger - Copying 0 resource
2021-08-03 11:32:13,516 [Worker-43] INFO  o.e.m.c.i.embedder.EclipseLogger - Using 'UTF-8' encoding to copy filtered resources.
2021-08-03 11:32:13,516 [Worker-43] INFO  o.e.m.c.i.embedder.EclipseLogger - skip non existing resourceDirectory C:\_\casemaster_portal\casemaster_portal\src\test\resources
2021-08-03 11:32:42,713 [Worker-45] INFO  o.e.m.c.i.embedder.EclipseLogger - Using 'UTF-8' encoding to copy filtered resources.
2021-08-03 11:32:42,713 [Worker-45] INFO  o.e.m.c.i.embedder.EclipseLogger - Copying 0 resource
2021-08-03 11:32:42,713 [Worker-45] INFO  o.e.m.c.i.embedder.EclipseLogger - Using 'UTF-8' encoding to copy filtered resources.
2021-08-03 11:32:42,713 [Worker-45] INFO  o.e.m.c.i.embedder.EclipseLogger - skip non existing resourceDirectory C:\_\casemaster_portal\casemaster_portal\src\test\resources
2021-08-03 11:33:47,253 [Worker-43] INFO  o.e.m.c.i.embedder.EclipseLogger - Using 'UTF-8' encoding to copy filtered resources.
2021-08-03 11:33:47,254 [Worker-43] INFO  o.e.m.c.i.embedder.EclipseLogger - Copying 2 resources
2021-08-03 11:33:47,255 [Worker-43] INFO  o.e.m.c.i.embedder.EclipseLogger - Using 'UTF-8' encoding to copy filtered resources.
2021-08-03 11:33:47,256 [Worker-43] INFO  o.e.m.c.i.embedder.EclipseLogger - skip non existing resourceDirectory C:\_\casemaster_portal\casemaster_portal\src\test\resources
2021-08-03 11:33:49,678 [Worker-35] INFO  o.e.m.c.i.embedder.EclipseLogger - Using 'UTF-8' encoding to copy filtered resources.
2021-08-03 11:33:49,678 [Worker-35] INFO  o.e.m.c.i.embedder.EclipseLogger - Copying 0 resource
2021-08-03 11:33:49,678 [Worker-35] INFO  o.e.m.c.i.embedder.EclipseLogger - Using 'UTF-8' encoding to copy filtered resources.
2021-08-03 11:33:49,678 [Worker-35] INFO  o.e.m.c.i.embedder.EclipseLogger - skip non existing resourceDirectory C:\_\casemaster_portal\casemaster_portal\src\test\resources
2021-08-03 11:34:32,412 [Worker-42] INFO  o.e.m.c.i.embedder.EclipseLogger - Using 'UTF-8' encoding to copy filtered resources.
2021-08-03 11:34:32,412 [Worker-42] INFO  o.e.m.c.i.embedder.EclipseLogger - Copying 1 resource
2021-08-03 11:34:32,414 [Worker-42] INFO  o.e.m.c.i.embedder.EclipseLogger - Using 'UTF-8' encoding to copy filtered resources.
2021-08-03 11:34:32,414 [Worker-42] INFO  o.e.m.c.i.embedder.EclipseLogger - skip non existing resourceDirectory C:\_\casemaster_portal\casemaster_portal\src\test\resources
2021-08-03 11:34:41,356 [Worker-35] INFO  o.e.m.c.i.embedder.EclipseLogger - Using 'UTF-8' encoding to copy filtered resources.
2021-08-03 11:34:41,356 [Worker-35] INFO  o.e.m.c.i.embedder.EclipseLogger - Copying 2 resources
2021-08-03 11:34:41,358 [Worker-35] INFO  o.e.m.c.i.embedder.EclipseLogger - Using 'UTF-8' encoding to copy filtered resources.
2021-08-03 11:34:41,359 [Worker-35] INFO  o.e.m.c.i.embedder.EclipseLogger - skip non existing resourceDirectory C:\_\casemaster_portal\casemaster_portal\src\test\resources
2021-08-03 11:34:45,474 [Worker-45] INFO  o.e.m.c.i.embedder.EclipseLogger - Using 'UTF-8' encoding to copy filtered resources.
2021-08-03 11:34:45,474 [Worker-45] INFO  o.e.m.c.i.embedder.EclipseLogger - Copying 0 resource
2021-08-03 11:34:45,475 [Worker-45] INFO  o.e.m.c.i.embedder.EclipseLogger - Using 'UTF-8' encoding to copy filtered resources.
2021-08-03 11:34:45,475 [Worker-45] INFO  o.e.m.c.i.embedder.EclipseLogger - skip non existing resourceDirectory C:\_\casemaster_portal\casemaster_portal\src\test\resources
2021-08-03 11:37:27,509 [Worker-48] INFO  o.e.m.c.i.embedder.EclipseLogger - Using 'UTF-8' encoding to copy filtered resources.
2021-08-03 11:37:27,509 [Worker-48] INFO  o.e.m.c.i.embedder.EclipseLogger - Copying 0 resource
2021-08-03 11:37:27,509 [Worker-48] INFO  o.e.m.c.i.embedder.EclipseLogger - Using 'UTF-8' encoding to copy filtered resources.
